生成启动时间为 2018/10/24 22:27:28。
     1>项目“F:\projects\GeometricLearning\ExtractTopology\ExtractTopology.vcxproj”在节点 2 上(Build 个目标)。
     1>ClCompile:
         C:\Program Files (x86)\Microsoft Visual Studio 12.0\VC\bin\CL.exe /c /ZI /nologo /W3 /WX- /sdl /Od /Oy- /D _CRT_SECURE_NO_DEPRECATE /D _CRT_NONSTDC_NO_DEPRECATE /D _CRT_SECURE_NO_WARNINGS /D _SCL_SECURE_NO_DEPRECATE /D _SCL_SECURE_NO_WARNINGS /D VTK_IN_VTK /D "vtkRenderingCore_INCLUDE=\"E:/VTK-8.1/cmake/vtkRenderingCore_AUTOINIT_vtkInteractionStyle_vtkRenderingOpenGL2.h\"" /D "CMAKE_INTDIR=\"Debug\"" /D _MBCS /Gm /EHsc /RTC1 /MDd /GS /fp:precise /Zc:wchar_t /Zc:forScope /Fo"Debug\\" /Fd"Debug\vc120.pdb" /Gd /TP /analyze- /errorReport:prompt ExtractCellTopology.cpp ExtractPointTopology.cpp ExtractTopology.cpp ExtractTopologyMain.cpp
         ExtractTopologyMain.cpp
         ExtractTopology.cpp
         ExtractPointTopology.cpp
         ExtractCellTopology.cpp
         正在生成代码...
       Link:
         C:\Program Files (x86)\Microsoft Visual Studio 12.0\VC\bin\link.exe /ERRORREPORT:PROMPT /OUT:"F:\projects\GeometricLearning\Debug\ExtractTopology.exe" /INCREMENTAL /NOLOGO "vtkalglib-8.1.lib" "vtkChartsCore-8.1.lib" "vtkCommonColor-8.1.lib" "vtkCommonComputationalGeometry-8.1.lib" "vtkCommonCore-8.1.lib" "vtkCommonDataModel-8.1.lib" "vtkCommonExecutionModel-8.1.lib" "vtkCommonMath-8.1.lib" "vtkCommonMisc-8.1.lib" "vtkCommonSystem-8.1.lib" "vtkCommonTransforms-8.1.lib" "vtkDICOMParser-8.1.lib" "vtkDomainsChemistry-8.1.lib" "vtkDomainsChemistryOpenGL2-8.1.lib" "vtkexoIIc-8.1.lib" "vtkexpat-8.1.lib" "vtkFiltersAMR-8.1.lib" "vtkFiltersCore-8.1.lib" "vtkFiltersExtraction-8.1.lib" "vtkFiltersFlowPaths-8.1.lib" "vtkFiltersGeneral-8.1.lib" "vtkFiltersGeneric-8.1.lib" "vtkFiltersGeometry-8.1.lib" "vtkFiltersHybrid-8.1.lib" "vtkFiltersHyperTree-8.1.lib" "vtkFiltersImaging-8.1.lib" "vtkFiltersModeling-8.1.lib" "vtkFiltersParallel-8.1.lib" "vtkFiltersParallelImaging-8.1.lib" "vtkFiltersPoints-8.1.lib" "vtkFiltersProgrammable-8.1.lib" "vtkFiltersSelection-8.1.lib" "vtkFiltersSMP-8.1.lib" "vtkFiltersSources-8.1.lib" "vtkFiltersStatistics-8.1.lib" "vtkFiltersTexture-8.1.lib" "vtkFiltersTopology-8.1.lib" "vtkFiltersVerdict-8.1.lib" "vtkfreetype-8.1.lib" "vtkGeovisCore-8.1.lib" "vtkgl2ps-8.1.lib" "vtkglew-8.1.lib" "vtkhdf5-8.1.lib" "vtkhdf5_hl-8.1.lib" "vtkImagingColor-8.1.lib" "vtkImagingCore-8.1.lib" "vtkImagingFourier-8.1.lib" "vtkImagingGeneral-8.1.lib" "vtkImagingHybrid-8.1.lib" "vtkImagingMath-8.1.lib" "vtkImagingMorphological-8.1.lib" "vtkImagingSources-8.1.lib" "vtkImagingStatistics-8.1.lib" "vtkImagingStencil-8.1.lib" "vtkInfovisCore-8.1.lib" "vtkInfovisLayout-8.1.lib" "vtkInteractionImage-8.1.lib" "vtkInteractionStyle-8.1.lib" "vtkInteractionWidgets-8.1.lib" "vtkIOAMR-8.1.lib" "vtkIOCore-8.1.lib" "vtkIOEnSight-8.1.lib" "vtkIOExodus-8.1.lib" "vtkIOExport-8.1.lib" "vtkIOExportOpenGL2-8.1.lib" "vtkIOGeometry-8.1.lib" "vtkIOImage-8.1.lib" "vtkIOImport-8.1.lib" "vtkIOInfovis-8.1.lib" "vtkIOLegacy-8.1.lib" "vtkIOLSDyna-8.1.lib" "vtkIOMINC-8.1.lib" "vtkIOMovie-8.1.lib" "vtkIONetCDF-8.1.lib" "vtkIOParallel-8.1.lib" "vtkIOParallelXML-8.1.lib" "vtkIOPLY-8.1.lib" "vtkIOSQL-8.1.lib" "vtkIOTecplotTable-8.1.lib" "vtkIOVideo-8.1.lib" "vtkIOXML-8.1.lib" "vtkIOXMLParser-8.1.lib" "vtkjpeg-8.1.lib" "vtkjsoncpp-8.1.lib" "vtklibharu-8.1.lib" "vtklibxml2-8.1.lib" "vtkLocalExample-8.1.lib" "vtklz4-8.1.lib" "vtkmetaio-8.1.lib" "vtkNetCDF-8.1.lib" "vtknetcdfcpp-8.1.lib" "vtkoggtheora-8.1.lib" "vtkParallelCore-8.1.lib" "vtkpng-8.1.lib" "vtkproj4-8.1.lib" "vtkRenderingAnnotation-8.1.lib" "vtkRenderingContext2D-8.1.lib" "vtkRenderingContextOpenGL2-8.1.lib" "vtkRenderingCore-8.1.lib" "vtkRenderingFreeType-8.1.lib" "vtkRenderingGL2PSOpenGL2-8.1.lib" "vtkRenderingImage-8.1.lib" "vtkRenderingLabel-8.1.lib" "vtkRenderingLOD-8.1.lib" "vtkRenderingOpenGL2-8.1.lib" "vtkRenderingVolume-8.1.lib" "vtkRenderingVolumeOpenGL2-8.1.lib" "vtksqlite-8.1.lib" "vtksys-8.1.lib" "vtktiff-8.1.lib" "vtkverdict-8.1.lib" "vtkViewsContext2D-8.1.lib" "vtkViewsCore-8.1.lib" "vtkViewsInfovis-8.1.lib" "vtkzlib-8.1.lib" kernel32.lib user32.lib gdi32.lib winspool.lib comdlg32.lib advapi32.lib shell32.lib ole32.lib oleaut32.lib uuid.lib odbc32.lib odbccp32.lib /MANIFEST /MANIFESTUAC:"level='asInvoker' uiAccess='false'" /manifest:embed /DEBUG /PDB:"F:\projects\GeometricLearning\Debug\ExtractTopology.pdb" /TLBID:1 /DYNAMICBASE /NXCOMPAT /IMPLIB:"F:\projects\GeometricLearning\Debug\ExtractTopology.lib" /MACHINE:X86 Debug\ExtractCellTopology.obj
         Debug\ExtractPointTopology.obj
         Debug\ExtractTopology.obj
         Debug\ExtractTopologyMain.obj
     1>ExtractCellTopology.obj : error LNK2019: 无法解析的外部符号 "__declspec(dllimport) public: __thiscall vtkSmartPointerBase::vtkSmartPointerBase(void)" (__imp_??0vtkSmartPointerBase@@QAE@XZ)，该符号在函数 "public: __thiscall vtkSmartPointer<class vtkPolyData>::vtkSmartPointer<class vtkPolyData>(void)" (??0?$vtkSmartPointer@VvtkPolyData@@@@QAE@XZ) 中被引用
     1>ExtractPointTopology.obj : error LNK2001: 无法解析的外部符号 "__declspec(dllimport) public: __thiscall vtkSmartPointerBase::vtkSmartPointerBase(void)" (__imp_??0vtkSmartPointerBase@@QAE@XZ)
     1>ExtractCellTopology.obj : error LNK2019: 无法解析的外部符号 "__declspec(dllimport) public: __thiscall vtkSmartPointerBase::vtkSmartPointerBase(class vtkSmartPointerBase const &)" (__imp_??0vtkSmartPointerBase@@QAE@ABV0@@Z)，该符号在函数 "public: __thiscall vtkSmartPointer<class vtkTriangleFilter>::vtkSmartPointer<class vtkTriangleFilter>(class vtkSmartPointer<class vtkTriangleFilter> const &)" (??0?$vtkSmartPointer@VvtkTriangleFilter@@@@QAE@ABV0@@Z) 中被引用
     1>ExtractPointTopology.obj : error LNK2001: 无法解析的外部符号 "__declspec(dllimport) public: __thiscall vtkSmartPointerBase::vtkSmartPointerBase(class vtkSmartPointerBase const &)" (__imp_??0vtkSmartPointerBase@@QAE@ABV0@@Z)
     1>ExtractTopologyMain.obj : error LNK2001: 无法解析的外部符号 "__declspec(dllimport) public: __thiscall vtkSmartPointerBase::vtkSmartPointerBase(class vtkSmartPointerBase const &)" (__imp_??0vtkSmartPointerBase@@QAE@ABV0@@Z)
     1>ExtractCellTopology.obj : error LNK2019: 无法解析的外部符号 "__declspec(dllimport) public: __thiscall vtkSmartPointerBase::~vtkSmartPointerBase(void)" (__imp_??1vtkSmartPointerBase@@QAE@XZ)，该符号在函数 "public: __thiscall vtkSmartPointer<class vtkPolyData>::~vtkSmartPointer<class vtkPolyData>(void)" (??1?$vtkSmartPointer@VvtkPolyData@@@@QAE@XZ) 中被引用
     1>ExtractPointTopology.obj : error LNK2001: 无法解析的外部符号 "__declspec(dllimport) public: __thiscall vtkSmartPointerBase::~vtkSmartPointerBase(void)" (__imp_??1vtkSmartPointerBase@@QAE@XZ)
     1>ExtractTopology.obj : error LNK2001: 无法解析的外部符号 "__declspec(dllimport) public: __thiscall vtkSmartPointerBase::~vtkSmartPointerBase(void)" (__imp_??1vtkSmartPointerBase@@QAE@XZ)
     1>ExtractTopologyMain.obj : error LNK2001: 无法解析的外部符号 "__declspec(dllimport) public: __thiscall vtkSmartPointerBase::~vtkSmartPointerBase(void)" (__imp_??1vtkSmartPointerBase@@QAE@XZ)
     1>ExtractCellTopology.obj : error LNK2019: 无法解析的外部符号 "__declspec(dllimport) public: class vtkSmartPointerBase & __thiscall vtkSmartPointerBase::operator=(class vtkSmartPointerBase const &)" (__imp_??4vtkSmartPointerBase@@QAEAAV0@ABV0@@Z)，该符号在函数 "public: class vtkSmartPointer<class vtkPolyData> & __thiscall vtkSmartPointer<class vtkPolyData>::operator=(class vtkSmartPointer<class vtkPolyData> const &)" (??4?$vtkSmartPointer@VvtkPolyData@@@@QAEAAV0@ABV0@@Z) 中被引用
     1>ExtractPointTopology.obj : error LNK2001: 无法解析的外部符号 "__declspec(dllimport) public: class vtkSmartPointerBase & __thiscall vtkSmartPointerBase::operator=(class vtkSmartPointerBase const &)" (__imp_??4vtkSmartPointerBase@@QAEAAV0@ABV0@@Z)
     1>ExtractCellTopology.obj : error LNK2019: 无法解析的外部符号 "__declspec(dllimport) protected: __thiscall vtkSmartPointerBase::vtkSmartPointerBase(class vtkObjectBase *,class vtkSmartPointerBase::NoReference const &)" (__imp_??0vtkSmartPointerBase@@IAE@PAVvtkObjectBase@@ABVNoReference@0@@Z)，该符号在函数 "protected: __thiscall vtkSmartPointer<class vtkTriangleFilter>::vtkSmartPointer<class vtkTriangleFilter>(class vtkTriangleFilter *,class vtkSmartPointerBase::NoReference const &)" (??0?$vtkSmartPointer@VvtkTriangleFilter@@@@IAE@PAVvtkTriangleFilter@@ABVNoReference@vtkSmartPointerBase@@@Z) 中被引用
     1>ExtractPointTopology.obj : error LNK2001: 无法解析的外部符号 "__declspec(dllimport) protected: __thiscall vtkSmartPointerBase::vtkSmartPointerBase(class vtkObjectBase *,class vtkSmartPointerBase::NoReference const &)" (__imp_??0vtkSmartPointerBase@@IAE@PAVvtkObjectBase@@ABVNoReference@0@@Z)
     1>ExtractTopology.obj : error LNK2001: 无法解析的外部符号 "__declspec(dllimport) protected: __thiscall vtkSmartPointerBase::vtkSmartPointerBase(class vtkObjectBase *,class vtkSmartPointerBase::NoReference const &)" (__imp_??0vtkSmartPointerBase@@IAE@PAVvtkObjectBase@@ABVNoReference@0@@Z)
     1>ExtractTopologyMain.obj : error LNK2001: 无法解析的外部符号 "__declspec(dllimport) protected: __thiscall vtkSmartPointerBase::vtkSmartPointerBase(class vtkObjectBase *,class vtkSmartPointerBase::NoReference const &)" (__imp_??0vtkSmartPointerBase@@IAE@PAVvtkObjectBase@@ABVNoReference@0@@Z)
     1>ExtractCellTopology.obj : error LNK2019: 无法解析的外部符号 "__declspec(dllimport) public: __thiscall vtkDebugLeaksManager::vtkDebugLeaksManager(void)" (__imp_??0vtkDebugLeaksManager@@QAE@XZ)，该符号在函数 "void __cdecl `dynamic initializer for 'vtkDebugLeaksManagerInstance''(void)" (??__EvtkDebugLeaksManagerInstance@@YAXXZ) 中被引用
     1>ExtractPointTopology.obj : error LNK2001: 无法解析的外部符号 "__declspec(dllimport) public: __thiscall vtkDebugLeaksManager::vtkDebugLeaksManager(void)" (__imp_??0vtkDebugLeaksManager@@QAE@XZ)
     1>ExtractTopology.obj : error LNK2001: 无法解析的外部符号 "__declspec(dllimport) public: __thiscall vtkDebugLeaksManager::vtkDebugLeaksManager(void)" (__imp_??0vtkDebugLeaksManager@@QAE@XZ)
     1>ExtractTopologyMain.obj : error LNK2001: 无法解析的外部符号 "__declspec(dllimport) public: __thiscall vtkDebugLeaksManager::vtkDebugLeaksManager(void)" (__imp_??0vtkDebugLeaksManager@@QAE@XZ)
     1>ExtractCellTopology.obj : error LNK2019: 无法解析的外部符号 "__declspec(dllimport) public: __thiscall vtkDebugLeaksManager::~vtkDebugLeaksManager(void)" (__imp_??1vtkDebugLeaksManager@@QAE@XZ)，该符号在函数 "void __cdecl `dynamic atexit destructor for 'vtkDebugLeaksManagerInstance''(void)" (??__FvtkDebugLeaksManagerInstance@@YAXXZ) 中被引用
     1>ExtractPointTopology.obj : error LNK2001: 无法解析的外部符号 "__declspec(dllimport) public: __thiscall vtkDebugLeaksManager::~vtkDebugLeaksManager(void)" (__imp_??1vtkDebugLeaksManager@@QAE@XZ)
     1>ExtractTopology.obj : error LNK2001: 无法解析的外部符号 "__declspec(dllimport) public: __thiscall vtkDebugLeaksManager::~vtkDebugLeaksManager(void)" (__imp_??1vtkDebugLeaksManager@@QAE@XZ)
     1>ExtractTopologyMain.obj : error LNK2001: 无法解析的外部符号 "__declspec(dllimport) public: __thiscall vtkDebugLeaksManager::~vtkDebugLeaksManager(void)" (__imp_??1vtkDebugLeaksManager@@QAE@XZ)
     1>ExtractCellTopology.obj : error LNK2019: 无法解析的外部符号 "__declspec(dllimport) public: __thiscall vtkObjectFactoryRegistryCleanup::vtkObjectFactoryRegistryCleanup(void)" (__imp_??0vtkObjectFactoryRegistryCleanup@@QAE@XZ)，该符号在函数 "void __cdecl `dynamic initializer for 'vtkObjectFactoryRegistryCleanupInstance''(void)" (??__EvtkObjectFactoryRegistryCleanupInstance@@YAXXZ) 中被引用
     1>ExtractPointTopology.obj : error LNK2001: 无法解析的外部符号 "__declspec(dllimport) public: __thiscall vtkObjectFactoryRegistryCleanup::vtkObjectFactoryRegistryCleanup(void)" (__imp_??0vtkObjectFactoryRegistryCleanup@@QAE@XZ)
     1>ExtractTopology.obj : error LNK2001: 无法解析的外部符号 "__declspec(dllimport) public: __thiscall vtkObjectFactoryRegistryCleanup::vtkObjectFactoryRegistryCleanup(void)" (__imp_??0vtkObjectFactoryRegistryCleanup@@QAE@XZ)
     1>ExtractTopologyMain.obj : error LNK2001: 无法解析的外部符号 "__declspec(dllimport) public: __thiscall vtkObjectFactoryRegistryCleanup::vtkObjectFactoryRegistryCleanup(void)" (__imp_??0vtkObjectFactoryRegistryCleanup@@QAE@XZ)
     1>ExtractCellTopology.obj : error LNK2019: 无法解析的外部符号 "__declspec(dllimport) public: __thiscall vtkObjectFactoryRegistryCleanup::~vtkObjectFactoryRegistryCleanup(void)" (__imp_??1vtkObjectFactoryRegistryCleanup@@QAE@XZ)，该符号在函数 "void __cdecl `dynamic atexit destructor for 'vtkObjectFactoryRegistryCleanupInstance''(void)" (??__FvtkObjectFactoryRegistryCleanupInstance@@YAXXZ) 中被引用
     1>ExtractPointTopology.obj : error LNK2001: 无法解析的外部符号 "__declspec(dllimport) public: __thiscall vtkObjectFactoryRegistryCleanup::~vtkObjectFactoryRegistryCleanup(void)" (__imp_??1vtkObjectFactoryRegistryCleanup@@QAE@XZ)
     1>ExtractTopology.obj : error LNK2001: 无法解析的外部符号 "__declspec(dllimport) public: __thiscall vtkObjectFactoryRegistryCleanup::~vtkObjectFactoryRegistryCleanup(void)" (__imp_??1vtkObjectFactoryRegistryCleanup@@QAE@XZ)
     1>ExtractTopologyMain.obj : error LNK2001: 无法解析的外部符号 "__declspec(dllimport) public: __thiscall vtkObjectFactoryRegistryCleanup::~vtkObjectFactoryRegistryCleanup(void)" (__imp_??1vtkObjectFactoryRegistryCleanup@@QAE@XZ)
     1>ExtractCellTopology.obj : error LNK2019: 无法解析的外部符号 "__declspec(dllimport) public: void __thiscall vtkPolyDataAlgorithm::SetInputData(class vtkDataObject *)" (__imp_?SetInputData@vtkPolyDataAlgorithm@@QAEXPAVvtkDataObject@@@Z)，该符号在函数 "public: __thiscall ExtractCellTopology::ExtractCellTopology(class vtkSmartPointer<class vtkPolyData>)" (??0ExtractCellTopology@@QAE@V?$vtkSmartPointer@VvtkPolyData@@@@@Z) 中被引用
     1>ExtractPointTopology.obj : error LNK2001: 无法解析的外部符号 "__declspec(dllimport) public: void __thiscall vtkPolyDataAlgorithm::SetInputData(class vtkDataObject *)" (__imp_?SetInputData@vtkPolyDataAlgorithm@@QAEXPAVvtkDataObject@@@Z)
     1>ExtractCellTopology.obj : error LNK2019: 无法解析的外部符号 "__declspec(dllimport) public: static class vtkTriangleFilter * __cdecl vtkTriangleFilter::New(void)" (__imp_?New@vtkTriangleFilter@@SAPAV1@XZ)，该符号在函数 "public: static class vtkSmartPointer<class vtkTriangleFilter> __cdecl vtkSmartPointer<class vtkTriangleFilter>::New(void)" (?New@?$vtkSmartPointer@VvtkTriangleFilter@@@@SA?AV1@XZ) 中被引用
     1>ExtractPointTopology.obj : error LNK2001: 无法解析的外部符号 "__declspec(dllimport) public: static class vtkTriangleFilter * __cdecl vtkTriangleFilter::New(void)" (__imp_?New@vtkTriangleFilter@@SAPAV1@XZ)
     1>ExtractTopology.obj : error LNK2019: 无法解析的外部符号 "__declspec(dllimport) public: static class vtkIdList * __cdecl vtkIdList::New(void)" (__imp_?New@vtkIdList@@SAPAV1@XZ)，该符号在函数 "public: static class vtkSmartPointer<class vtkIdList> __cdecl vtkSmartPointer<class vtkIdList>::New(void)" (?New@?$vtkSmartPointer@VvtkIdList@@@@SA?AV1@XZ) 中被引用
     1>ExtractTopology.obj : error LNK2019: 无法解析的外部符号 "__declspec(dllimport) public: __int64 __thiscall vtkIdList::GetNumberOfIds(void)" (__imp_?GetNumberOfIds@vtkIdList@@QAE_JXZ)，该符号在函数 "public: void __thiscall ExtractTopology::GetCellNeighborIds(__int64,class vtkSmartPointer<class vtkTriangleFilter>,class std::list<__int64,class std::allocator<__int64> > &)" (?GetCellNeighborIds@ExtractTopology@@QAEX_JV?$vtkSmartPointer@VvtkTriangleFilter@@@@AAV?$list@_JV?$allocator@_J@std@@@std@@@Z) 中被引用
     1>ExtractTopology.obj : error LNK2019: 无法解析的外部符号 "__declspec(dllimport) public: __int64 __thiscall vtkIdList::GetId(__int64)" (__imp_?GetId@vtkIdList@@QAE_J_J@Z)，该符号在函数 "public: void __thiscall ExtractTopology::GetCellNeighborIds(__int64,class vtkSmartPointer<class vtkTriangleFilter>,class std::list<__int64,class std::allocator<__int64> > &)" (?GetCellNeighborIds@ExtractTopology@@QAEX_JV?$vtkSmartPointer@VvtkTriangleFilter@@@@AAV?$list@_JV?$allocator@_J@std@@@std@@@Z) 中被引用
     1>ExtractTopology.obj : error LNK2019: 无法解析的外部符号 "__declspec(dllimport) public: __int64 __thiscall vtkIdList::InsertNextId(__int64)" (__imp_?InsertNextId@vtkIdList@@QAE_J_J@Z)，该符号在函数 "public: void __thiscall ExtractTopology::GetCellNeighborIds(__int64,class vtkSmartPointer<class vtkTriangleFilter>,class std::list<__int64,class std::allocator<__int64> > &)" (?GetCellNeighborIds@ExtractTopology@@QAEX_JV?$vtkSmartPointer@VvtkTriangleFilter@@@@AAV?$list@_JV?$allocator@_J@std@@@std@@@Z) 中被引用
     1>ExtractTopology.obj : error LNK2019: 无法解析的外部符号 "__declspec(dllimport) public: class vtkPolyData * __thiscall vtkPolyDataAlgorithm::GetOutput(void)" (__imp_?GetOutput@vtkPolyDataAlgorithm@@QAEPAVvtkPolyData@@XZ)，该符号在函数 "public: void __thiscall ExtractTopology::GetCellNeighborIds(__int64,class vtkSmartPointer<class vtkTriangleFilter>,class std::list<__int64,class std::allocator<__int64> > &)" (?GetCellNeighborIds@ExtractTopology@@QAEX_JV?$vtkSmartPointer@VvtkTriangleFilter@@@@AAV?$list@_JV?$allocator@_J@std@@@std@@@Z) 中被引用
     1>ExtractTopologyMain.obj : error LNK2001: 无法解析的外部符号 "__declspec(dllimport) public: class vtkPolyData * __thiscall vtkPolyDataAlgorithm::GetOutput(void)" (__imp_?GetOutput@vtkPolyDataAlgorithm@@QAEPAVvtkPolyData@@XZ)
     1>ExtractTopologyMain.obj : error LNK2019: 无法解析的外部符号 "__declspec(dllimport) public: __thiscall vtkSmartPointerBase::vtkSmartPointerBase(class vtkObjectBase *)" (__imp_??0vtkSmartPointerBase@@QAE@PAVvtkObjectBase@@@Z)，该符号在函数 "public: __thiscall vtkSmartPointer<class vtkPolyData>::vtkSmartPointer<class vtkPolyData>(class vtkPolyData *)" (??0?$vtkSmartPointer@VvtkPolyData@@@@QAE@PAVvtkPolyData@@@Z) 中被引用
     1>ExtractTopologyMain.obj : error LNK2019: 无法解析的外部符号 "__declspec(dllimport) public: static class vtkSTLReader * __cdecl vtkSTLReader::New(void)" (__imp_?New@vtkSTLReader@@SAPAV1@XZ)，该符号在函数 "public: static class vtkSmartPointer<class vtkSTLReader> __cdecl vtkSmartPointer<class vtkSTLReader>::New(void)" (?New@?$vtkSmartPointer@VvtkSTLReader@@@@SA?AV1@XZ) 中被引用
     1>F:\projects\GeometricLearning\Debug\ExtractTopology.exe : fatal error LNK1120: 18 个无法解析的外部命令
     1>已完成生成项目“F:\projects\GeometricLearning\ExtractTopology\ExtractTopology.vcxproj”(Build 个目标)的操作 - 失败。

生成失败。

已用时间 00:00:13.88
