生成启动时间为 2018/10/25 9:38:12。
     1>项目“F:\projects\GeometricLearning\ExtractTopology\ExtractTopology.vcxproj”在节点 2 上(Build 个目标)。
     1>ClCompile:
         C:\Program Files (x86)\Microsoft Visual Studio 12.0\VC\bin\x86_amd64\CL.exe /c /Zi /nologo /W3 /WX- /sdl /Od /D _CRT_SECURE_NO_DEPRECATE /D _CRT_NONSTDC_NO_DEPRECATE /D _CRT_SECURE_NO_WARNINGS /D _SCL_SECURE_NO_DEPRECATE /D _SCL_SECURE_NO_WARNINGS /D VTK_IN_VTK /D "vtkRenderingCore_INCLUDE=\"E:/VTK-8.1/cmake/vtkRenderingCore_AUTOINIT_vtkInteractionStyle_vtkRenderingOpenGL2.h\"" /D "CMAKE_INTDIR=\"Debug\"" /D _MBCS /Gm /EHsc /RTC1 /MDd /GS /fp:precise /Zc:wchar_t /Zc:forScope /Fo"x64\Debug\\" /Fd"x64\Debug\vc120.pdb" /Gd /TP /errorReport:prompt ExtractCellTopology.cpp ExtractPointTopology.cpp ExtractTopology.cpp ExtractTopologyMain.cpp
         ExtractTopologyMain.cpp
         ExtractTopology.cpp
         ExtractPointTopology.cpp
         正在生成代码...
         正在编译...
         ExtractCellTopology.cpp
         正在生成代码...
       Link:
         C:\Program Files (x86)\Microsoft Visual Studio 12.0\VC\bin\x86_amd64\link.exe /ERRORREPORT:PROMPT /OUT:"F:\projects\GeometricLearning\x64\Debug\ExtractTopology.exe" /INCREMENTAL /NOLOGO "vtkalglib-8.1.lib" "vtkChartsCore-8.1.lib" "vtkCommonColor-8.1.lib" "vtkCommonComputationalGeometry-8.1.lib" "vtkCommonCore-8.1.lib" "vtkCommonDataModel-8.1.lib" "vtkCommonExecutionModel-8.1.lib" "vtkCommonMath-8.1.lib" "vtkCommonMisc-8.1.lib" "vtkCommonSystem-8.1.lib" "vtkCommonTransforms-8.1.lib" "vtkDICOMParser-8.1.lib" "vtkDomainsChemistry-8.1.lib" "vtkDomainsChemistryOpenGL2-8.1.lib" "vtkexoIIc-8.1.lib" "vtkexpat-8.1.lib" "vtkFiltersAMR-8.1.lib" "vtkFiltersCore-8.1.lib" "vtkFiltersExtraction-8.1.lib" "vtkFiltersFlowPaths-8.1.lib" "vtkFiltersGeneral-8.1.lib" "vtkFiltersGeneric-8.1.lib" "vtkFiltersGeometry-8.1.lib" "vtkFiltersHybrid-8.1.lib" "vtkFiltersHyperTree-8.1.lib" "vtkFiltersImaging-8.1.lib" "vtkFiltersModeling-8.1.lib" "vtkFiltersParallel-8.1.lib" "vtkFiltersParallelImaging-8.1.lib" "vtkFiltersPoints-8.1.lib" "vtkFiltersProgrammable-8.1.lib" "vtkFiltersSelection-8.1.lib" "vtkFiltersSMP-8.1.lib" "vtkFiltersSources-8.1.lib" "vtkFiltersStatistics-8.1.lib" "vtkFiltersTexture-8.1.lib" "vtkFiltersTopology-8.1.lib" "vtkFiltersVerdict-8.1.lib" "vtkfreetype-8.1.lib" "vtkGeovisCore-8.1.lib" "vtkgl2ps-8.1.lib" "vtkglew-8.1.lib" "vtkhdf5-8.1.lib" "vtkhdf5_hl-8.1.lib" "vtkImagingColor-8.1.lib" "vtkImagingCore-8.1.lib" "vtkImagingFourier-8.1.lib" "vtkImagingGeneral-8.1.lib" "vtkImagingHybrid-8.1.lib" "vtkImagingMath-8.1.lib" "vtkImagingMorphological-8.1.lib" "vtkImagingSources-8.1.lib" "vtkImagingStatistics-8.1.lib" "vtkImagingStencil-8.1.lib" "vtkInfovisCore-8.1.lib" "vtkInfovisLayout-8.1.lib" "vtkInteractionImage-8.1.lib" "vtkInteractionStyle-8.1.lib" "vtkInteractionWidgets-8.1.lib" "vtkIOAMR-8.1.lib" "vtkIOCore-8.1.lib" "vtkIOEnSight-8.1.lib" "vtkIOExodus-8.1.lib" "vtkIOExport-8.1.lib" "vtkIOExportOpenGL2-8.1.lib" "vtkIOGeometry-8.1.lib" "vtkIOImage-8.1.lib" "vtkIOImport-8.1.lib" "vtkIOInfovis-8.1.lib" "vtkIOLegacy-8.1.lib" "vtkIOLSDyna-8.1.lib" "vtkIOMINC-8.1.lib" "vtkIOMovie-8.1.lib" "vtkIONetCDF-8.1.lib" "vtkIOParallel-8.1.lib" "vtkIOParallelXML-8.1.lib" "vtkIOPLY-8.1.lib" "vtkIOSQL-8.1.lib" "vtkIOTecplotTable-8.1.lib" "vtkIOVideo-8.1.lib" "vtkIOXML-8.1.lib" "vtkIOXMLParser-8.1.lib" "vtkjpeg-8.1.lib" "vtkjsoncpp-8.1.lib" "vtklibharu-8.1.lib" "vtklibxml2-8.1.lib" "vtkLocalExample-8.1.lib" "vtklz4-8.1.lib" "vtkmetaio-8.1.lib" "vtkNetCDF-8.1.lib" "vtknetcdfcpp-8.1.lib" "vtkoggtheora-8.1.lib" "vtkParallelCore-8.1.lib" "vtkpng-8.1.lib" "vtkproj4-8.1.lib" "vtkRenderingAnnotation-8.1.lib" "vtkRenderingContext2D-8.1.lib" "vtkRenderingContextOpenGL2-8.1.lib" "vtkRenderingCore-8.1.lib" "vtkRenderingFreeType-8.1.lib" "vtkRenderingGL2PSOpenGL2-8.1.lib" "vtkRenderingImage-8.1.lib" "vtkRenderingLabel-8.1.lib" "vtkRenderingLOD-8.1.lib" "vtkRenderingOpenGL2-8.1.lib" "vtkRenderingVolume-8.1.lib" "vtkRenderingVolumeOpenGL2-8.1.lib" "vtksqlite-8.1.lib" "vtksys-8.1.lib" "vtktiff-8.1.lib" "vtkverdict-8.1.lib" "vtkViewsContext2D-8.1.lib" "vtkViewsCore-8.1.lib" "vtkViewsInfovis-8.1.lib" "vtkzlib-8.1.lib" kernel32.lib user32.lib gdi32.lib winspool.lib comdlg32.lib advapi32.lib shell32.lib ole32.lib oleaut32.lib uuid.lib odbc32.lib odbccp32.lib /MANIFEST /MANIFESTUAC:"level='asInvoker' uiAccess='false'" /manifest:embed /DEBUG /PDB:"F:\projects\GeometricLearning\x64\Debug\ExtractTopology.pdb" /TLBID:1 /DYNAMICBASE /NXCOMPAT /IMPLIB:"F:\projects\GeometricLearning\x64\Debug\ExtractTopology.lib" /MACHINE:X64 x64\Debug\ExtractCellTopology.obj
         x64\Debug\ExtractPointTopology.obj
         x64\Debug\ExtractTopology.obj
         x64\Debug\ExtractTopologyMain.obj
         ExtractTopology.vcxproj -> F:\projects\GeometricLearning\x64\Debug\ExtractTopology.exe
     1>已完成生成项目“F:\projects\GeometricLearning\ExtractTopology\ExtractTopology.vcxproj”(Build 个目标)的操作。

生成成功。

已用时间 00:00:04.17
